1582874566116:help
1582874573483:history
1582874588675:clear
1582874601308:help greet
1582878181710:help
1582878205942:sum --a 2 --b 2
1582878306242:help sum
1582878448311:help
1582878456012:change-password --password kissa
1582878466560:change-password --password password
1582878484726:clear
1582878499379:sum --a one --b 2
1582878504939:stacktrace
1582878579795:help
1582878582554:runtime
1582878592131:clear
1582885844185:help
1582885847744:help change-password
1582885865662:greet 1
1582885927388:greet 1 2
1582885932531:greet 1\\ 2
1582885942605:greet "1 2"
1582886519754:help
1582888620649:sum 1 2
1582888624569:sum 4 5
1582888627584:sum 19 2949
1582888671271:help
1582890377338:help greet
1582890403051:greet --who World
1582890410144:greet World
1582890448283:help sum
1582890469120:sum 12 12
1582890484415:sum one 2
1582890492469:stacktrace
1582890499306:help
1582890512964:help runtime
1582890517257:runtime
1582890530664:clear
1582890535946:help
1582890562115:help change-password
1582890668717:change-password 1234
1582890675604:change-password 12345678
1582890797256:exit
1582891151964:help
1582893910480:help greet
1582893952071:greet World
1582893989719:help sum
1582894002641:sum 12 12
1582894025922:sum one 1
1582894043465:help stacktrace
1582894051558:stacktrace
1582894070157:clear
1582894075900:help
1582894091838:runtime
1582894121725:clear
1582894124124:help
1582894159992:greet 12
1582894179376:greet "12"
1582894196956:help change-password
1582894224104:change-password 1234
1582894236299:change-password 12345678
1582894248953:history
1582894267592:help
1582894292312:exit
